0 info it worked if it ends with ok
1 verbose cli [ 'node',
1 verbose cli   '/usr/local/bin/npm',
1 verbose cli   'owner',
1 verbose cli   'add',
1 verbose cli   'andreysoloviev',
1 verbose cli   'jquery-image-sequence' ]
2 info using npm@2.11.3
3 info using node@v0.12.7
4 verbose config Skipping project config: /Users/andreysoloviev/.npmrc. (matches userconfig)
5 verbose owner add andreysoloviev to jquery-image-sequence
6 silly mapToRegistry name -/user/org.couchdb.user:andreysoloviev
7 silly mapToRegistry using default registry
8 silly mapToRegistry registry https://registry.npmjs.org/
9 silly mapToRegistry uri https://registry.npmjs.org/-/user/org.couchdb.user:andreysoloviev
10 verbose request uri https://registry.npmjs.org/-/user/org.couchdb.user:andreysoloviev
11 verbose request new user, so can't send auth
12 info attempt registry request try #1 at 11:01:00 AM
13 verbose request id d7e87394a703222d
14 http request GET https://registry.npmjs.org/-/user/org.couchdb.user:andreysoloviev
15 http 404 https://registry.npmjs.org/-/user/org.couchdb.user:andreysoloviev
16 verbose headers { 'content-type': 'application/json',
16 verbose headers   'cache-control': 'max-age=0',
16 verbose headers   'content-length': '12',
16 verbose headers   'accept-ranges': 'bytes',
16 verbose headers   date: 'Wed, 05 Aug 2015 09:01:00 GMT',
16 verbose headers   via: '1.1 varnish',
16 verbose headers   connection: 'keep-alive',
16 verbose headers   'x-served-by': 'cache-lhr6332-LHR',
16 verbose headers   'x-cache': 'MISS',
16 verbose headers   'x-cache-hits': '0',
16 verbose headers   'x-timer': 'S1438765260.263729,VS0,VE158' }
17 silly get cb [ 404,
17 silly get   { 'content-type': 'application/json',
17 silly get     'cache-control': 'max-age=0',
17 silly get     'content-length': '12',
17 silly get     'accept-ranges': 'bytes',
17 silly get     date: 'Wed, 05 Aug 2015 09:01:00 GMT',
17 silly get     via: '1.1 varnish',
17 silly get     connection: 'keep-alive',
17 silly get     'x-served-by': 'cache-lhr6332-LHR',
17 silly get     'x-cache': 'MISS',
17 silly get     'x-cache-hits': '0',
17 silly get     'x-timer': 'S1438765260.263729,VS0,VE158' } ]
18 error owner mutate Error getting user data for andreysoloviev
19 verbose stack Error: Registry returned 404 for GET on https://registry.npmjs.org/-/user/org.couchdb.user:andreysoloviev
19 verbose stack     at CachingRegistryClient.<anonymous> (/usr/local/lib/node_modules/npm/node_modules/npm-registry-client/lib/request.js:239:14)
19 verbose stack     at Request._callback (/usr/local/lib/node_modules/npm/node_modules/npm-registry-client/lib/request.js:170:14)
19 verbose stack     at Request.self.callback (/usr/local/lib/node_modules/npm/node_modules/request/request.js:354:22)
19 verbose stack     at Request.emit (events.js:110:17)
19 verbose stack     at Request.<anonymous> (/usr/local/lib/node_modules/npm/node_modules/request/request.js:1207:14)
19 verbose stack     at Request.emit (events.js:129:20)
19 verbose stack     at IncomingMessage.<anonymous> (/usr/local/lib/node_modules/npm/node_modules/request/request.js:1153:12)
19 verbose stack     at IncomingMessage.emit (events.js:129:20)
19 verbose stack     at _stream_readable.js:908:16
19 verbose stack     at process._tickCallback (node.js:355:11)
20 verbose statusCode 404
21 verbose cwd /Users/andreysoloviev/Documents/Semio/Image Sequence/code/jquery-image-sequence
22 error Darwin 14.3.0
23 error argv "node" "/usr/local/bin/npm" "owner" "add" "andreysoloviev" "jquery-image-sequence"
24 error node v0.12.7
25 error npm  v2.11.3
26 error code E404
27 error 404 Registry returned 404 for GET on https://registry.npmjs.org/-/user/org.couchdb.user:andreysoloviev
28 verbose exit [ 1, true ]
